<?xml version="1.0" encoding="UTF-8"?>
<!-- Generated by org.testng.reporters.JUnitReportReporter -->
<testsuite skipped="0" hostname="lenovo" name="com.javacodegeeks.testng.maven.TestNgMavenExample" tests="1" failures="0" timestamp="2022-09-14T15:40:22 IST" time="0.027" errors="0">
  <testcase name="exampleOfTestNgMaven" time="0.027" classname="com.javacodegeeks.testng.maven.TestNgMavenExample"/>
  <system-out/>
</testsuite> <!-- com.javacodegeeks.testng.maven.TestNgMavenExample -->
